ARM GAS  C:\Users\Windows\AppData\Local\Temp\cc7ni8EF.s 			page 1


   1              		.syntax unified
   2              		.cpu cortex-m3
   3              		.fpu softvfp
   4              		.eabi_attribute 20, 1
   5              		.eabi_attribute 21, 1
   6              		.eabi_attribute 23, 3
   7              		.eabi_attribute 24, 1
   8              		.eabi_attribute 25, 1
   9              		.eabi_attribute 26, 1
  10              		.eabi_attribute 30, 1
  11              		.eabi_attribute 34, 1
  12              		.eabi_attribute 18, 4
  13              		.thumb
  14              		.syntax unified
  15              		.file	"cymetadata.c"
  16              		.text
  17              	.Ltext0:
  18              		.cfi_sections	.debug_frame
  19              		.global	cy_metadata
  20              		.global	cy_meta_flashprotect
  21              		.global	cy_meta_wonvl
  22              		.global	cy_meta_custnvl
  23              		.global	cy_meta_configecc
  24              		.section	.cyconfigecc,"a",%progbits
  25              		.align	2
  26              		.type	cy_meta_configecc, %object
  27              		.size	cy_meta_configecc, 1428
  28              	cy_meta_configecc:
  29 0000 05       		.byte	5
  30 0001 52       		.byte	82
  31 0002 00       		.byte	0
  32 0003 40       		.byte	64
  33 0004 03       		.byte	3
  34 0005 64       		.byte	100
  35 0006 00       		.byte	0
  36 0007 40       		.byte	64
  37 0008 01       		.byte	1
  38 0009 65       		.byte	101
  39 000a 00       		.byte	0
  40 000b 40       		.byte	64
  41 000c 01       		.byte	1
  42 000d 03       		.byte	3
  43 000e 01       		.byte	1
  44 000f 40       		.byte	64
  45 0010 04       		.byte	4
  46 0011 06       		.byte	6
  47 0012 01       		.byte	1
  48 0013 40       		.byte	64
  49 0014 01       		.byte	1
  50 0015 07       		.byte	7
  51 0016 01       		.byte	1
  52 0017 40       		.byte	64
  53 0018 02       		.byte	2
  54 0019 09       		.byte	9
  55 001a 01       		.byte	1
  56 001b 40       		.byte	64
  57 001c 4E       		.byte	78
ARM GAS  C:\Users\Windows\AppData\Local\Temp\cc7ni8EF.s 			page 2


  58 001d 0A       		.byte	10
  59 001e 01       		.byte	1
  60 001f 40       		.byte	64
  61 0020 42       		.byte	66
  62 0021 0B       		.byte	11
  63 0022 01       		.byte	1
  64 0023 40       		.byte	64
  65 0024 60       		.byte	96
  66 0025 0C       		.byte	12
  67 0026 01       		.byte	1
  68 0027 40       		.byte	64
  69 0028 45       		.byte	69
  70 0029 0D       		.byte	13
  71 002a 01       		.byte	1
  72 002b 40       		.byte	64
  73 002c 3D       		.byte	61
  74 002d 0E       		.byte	14
  75 002e 01       		.byte	1
  76 002f 40       		.byte	64
  77 0030 31       		.byte	49
  78 0031 0F       		.byte	15
  79 0032 01       		.byte	1
  80 0033 40       		.byte	64
  81 0034 03       		.byte	3
  82 0035 15       		.byte	21
  83 0036 01       		.byte	1
  84 0037 40       		.byte	64
  85 0038 04       		.byte	4
  86 0039 17       		.byte	23
  87 003a 01       		.byte	1
  88 003b 40       		.byte	64
  89 003c 3F       		.byte	63
  90 003d 18       		.byte	24
  91 003e 01       		.byte	1
  92 003f 40       		.byte	64
  93 0040 21       		.byte	33
  94 0041 19       		.byte	25
  95 0042 01       		.byte	1
  96 0043 40       		.byte	64
  97 0044 05       		.byte	5
  98 0045 1B       		.byte	27
  99 0046 01       		.byte	1
 100 0047 40       		.byte	64
 101 0048 02       		.byte	2
 102 0049 40       		.byte	64
 103 004a 01       		.byte	1
 104 004b 40       		.byte	64
 105 004c 03       		.byte	3
 106 004d 41       		.byte	65
 107 004e 01       		.byte	1
 108 004f 40       		.byte	64
 109 0050 02       		.byte	2
 110 0051 42       		.byte	66
 111 0052 01       		.byte	1
 112 0053 40       		.byte	64
 113 0054 01       		.byte	1
 114 0055 43       		.byte	67
ARM GAS  C:\Users\Windows\AppData\Local\Temp\cc7ni8EF.s 			page 3


 115 0056 01       		.byte	1
 116 0057 40       		.byte	64
 117 0058 02       		.byte	2
 118 0059 44       		.byte	68
 119 005a 01       		.byte	1
 120 005b 40       		.byte	64
 121 005c 05       		.byte	5
 122 005d 45       		.byte	69
 123 005e 01       		.byte	1
 124 005f 40       		.byte	64
 125 0060 07       		.byte	7
 126 0061 46       		.byte	70
 127 0062 01       		.byte	1
 128 0063 40       		.byte	64
 129 0064 02       		.byte	2
 130 0065 47       		.byte	71
 131 0066 01       		.byte	1
 132 0067 40       		.byte	64
 133 0068 08       		.byte	8
 134 0069 48       		.byte	72
 135 006a 01       		.byte	1
 136 006b 40       		.byte	64
 137 006c 0F       		.byte	15
 138 006d 49       		.byte	73
 139 006e 01       		.byte	1
 140 006f 40       		.byte	64
 141 0070 0F       		.byte	15
 142 0071 4C       		.byte	76
 143 0072 01       		.byte	1
 144 0073 40       		.byte	64
 145 0074 06       		.byte	6
 146 0075 4D       		.byte	77
 147 0076 01       		.byte	1
 148 0077 40       		.byte	64
 149 0078 05       		.byte	5
 150 0079 50       		.byte	80
 151 007a 01       		.byte	1
 152 007b 40       		.byte	64
 153 007c 02       		.byte	2
 154 007d 51       		.byte	81
 155 007e 01       		.byte	1
 156 007f 40       		.byte	64
 157 0080 09       		.byte	9
 158 0081 80       		.byte	-128
 159 0082 10       		.byte	16
 160 0083 01       		.byte	1
 161 0084 14       		.byte	20
 162 0085 04       		.byte	4
 163 0086 60       		.byte	96
 164 0087 02       		.byte	2
 165 0088 64       		.byte	100
 166 0089 03       		.byte	3
 167 008a 8A       		.byte	-118
 168 008b 0F       		.byte	15
 169 008c 8D       		.byte	-115
 170 008d 38       		.byte	56
 171 008e 8E       		.byte	-114
ARM GAS  C:\Users\Windows\AppData\Local\Temp\cc7ni8EF.s 			page 4


 172 008f 72       		.byte	114
 173 0090 89       		.byte	-119
 174 0091 0D       		.byte	13
 175 0092 E6       		.byte	-26
 176 0093 02       		.byte	2
 177 0094 B8       		.byte	-72
 178 0095 80       		.byte	-128
 179 0096 BE       		.byte	-66
 180 0097 40       		.byte	64
 181 0098 D8       		.byte	-40
 182 0099 04       		.byte	4
 183 009a DF       		.byte	-33
 184 009b 01       		.byte	1
 185 009c 18       		.byte	24
 186 009d 02       		.byte	2
 187 009e A8       		.byte	-88
 188 009f 80       		.byte	-128
 189 00a0 AB       		.byte	-85
 190 00a1 10       		.byte	16
 191 00a2 02       		.byte	2
 192 00a3 01       		.byte	1
 193 00a4 05       		.byte	5
 194 00a5 10       		.byte	16
 195 00a6 06       		.byte	6
 196 00a7 02       		.byte	2
 197 00a8 0A       		.byte	10
 198 00a9 01       		.byte	1
 199 00aa 0E       		.byte	14
 200 00ab 02       		.byte	2
 201 00ac 10       		.byte	16
 202 00ad 04       		.byte	4
 203 00ae 11       		.byte	17
 204 00af 03       		.byte	3
 205 00b0 12       		.byte	18
 206 00b1 08       		.byte	8
 207 00b2 13       		.byte	19
 208 00b3 0C       		.byte	12
 209 00b4 14       		.byte	20
 210 00b5 08       		.byte	8
 211 00b6 15       		.byte	21
 212 00b7 03       		.byte	3
 213 00b8 16       		.byte	22
 214 00b9 04       		.byte	4
 215 00ba 17       		.byte	23
 216 00bb 04       		.byte	4
 217 00bc 18       		.byte	24
 218 00bd 0C       		.byte	12
 219 00be 1B       		.byte	27
 220 00bf 05       		.byte	5
 221 00c0 1C       		.byte	28
 222 00c1 02       		.byte	2
 223 00c2 1D       		.byte	29
 224 00c3 03       		.byte	3
 225 00c4 1F       		.byte	31
 226 00c5 04       		.byte	4
 227 00c6 22       		.byte	34
 228 00c7 02       		.byte	2
ARM GAS  C:\Users\Windows\AppData\Local\Temp\cc7ni8EF.s 			page 5


 229 00c8 23       		.byte	35
 230 00c9 08       		.byte	8
 231 00ca 24       		.byte	36
 232 00cb 02       		.byte	2
 233 00cc 28       		.byte	40
 234 00cd 0C       		.byte	12
 235 00ce 2D       		.byte	45
 236 00cf 0A       		.byte	10
 237 00d0 2F       		.byte	47
 238 00d1 04       		.byte	4
 239 00d2 30       		.byte	48
 240 00d3 02       		.byte	2
 241 00d4 31       		.byte	49
 242 00d5 0F       		.byte	15
 243 00d6 32       		.byte	50
 244 00d7 0C       		.byte	12
 245 00d8 33       		.byte	51
 246 00d9 10       		.byte	16
 247 00da 34       		.byte	52
 248 00db 01       		.byte	1
 249 00dc 3B       		.byte	59
 250 00dd 02       		.byte	2
 251 00de 3E       		.byte	62
 252 00df 11       		.byte	17
 253 00e0 3F       		.byte	63
 254 00e1 04       		.byte	4
 255 00e2 40       		.byte	64
 256 00e3 52       		.byte	82
 257 00e4 41       		.byte	65
 258 00e5 03       		.byte	3
 259 00e6 45       		.byte	69
 260 00e7 EE       		.byte	-18
 261 00e8 46       		.byte	70
 262 00e9 BC       		.byte	-68
 263 00ea 48       		.byte	72
 264 00eb 0F       		.byte	15
 265 00ec 49       		.byte	73
 266 00ed FF       		.byte	-1
 267 00ee 4A       		.byte	74
 268 00ef FF       		.byte	-1
 269 00f0 4B       		.byte	75
 270 00f1 FF       		.byte	-1
 271 00f2 4E       		.byte	78
 272 00f3 F0       		.byte	-16
 273 00f4 4F       		.byte	79
 274 00f5 44       		.byte	68
 275 00f6 50       		.byte	80
 276 00f7 0C       		.byte	12
 277 00f8 54       		.byte	84
 278 00f9 01       		.byte	1
 279 00fa 58       		.byte	88
 280 00fb 04       		.byte	4
 281 00fc 59       		.byte	89
 282 00fd 04       		.byte	4
 283 00fe 5A       		.byte	90
 284 00ff 04       		.byte	4
 285 0100 5B       		.byte	91
ARM GAS  C:\Users\Windows\AppData\Local\Temp\cc7ni8EF.s 			page 6


 286 0101 04       		.byte	4
 287 0102 5C       		.byte	92
 288 0103 22       		.byte	34
 289 0104 5D       		.byte	93
 290 0105 22       		.byte	34
 291 0106 5F       		.byte	95
 292 0107 01       		.byte	1
 293 0108 66       		.byte	102
 294 0109 C0       		.byte	-64
 295 010a 6A       		.byte	106
 296 010b 40       		.byte	64
 297 010c 6B       		.byte	107
 298 010d 02       		.byte	2
 299 010e 82       		.byte	-126
 300 010f 0C       		.byte	12
 301 0110 83       		.byte	-125
 302 0111 05       		.byte	5
 303 0112 86       		.byte	-122
 304 0113 03       		.byte	3
 305 0114 87       		.byte	-121
 306 0115 02       		.byte	2
 307 0116 90       		.byte	-112
 308 0117 0C       		.byte	12
 309 0118 92       		.byte	-110
 310 0119 03       		.byte	3
 311 011a 97       		.byte	-105
 312 011b 03       		.byte	3
 313 011c 9F       		.byte	-97
 314 011d 06       		.byte	6
 315 011e A0       		.byte	-96
 316 011f 01       		.byte	1
 317 0120 A2       		.byte	-94
 318 0121 06       		.byte	6
 319 0122 A4       		.byte	-92
 320 0123 01       		.byte	1
 321 0124 A6       		.byte	-90
 322 0125 0E       		.byte	14
 323 0126 A7       		.byte	-89
 324 0127 01       		.byte	1
 325 0128 AA       		.byte	-86
 326 0129 08       		.byte	8
 327 012a AD       		.byte	-83
 328 012b 06       		.byte	6
 329 012c AF       		.byte	-81
 330 012d 01       		.byte	1
 331 012e B0       		.byte	-80
 332 012f 0F       		.byte	15
 333 0130 B5       		.byte	-75
 334 0131 07       		.byte	7
 335 0132 BA       		.byte	-70
 336 0133 02       		.byte	2
 337 0134 BB       		.byte	-69
 338 0135 20       		.byte	32
 339 0136 D8       		.byte	-40
 340 0137 04       		.byte	4
 341 0138 D9       		.byte	-39
 342 0139 04       		.byte	4
ARM GAS  C:\Users\Windows\AppData\Local\Temp\cc7ni8EF.s 			page 7


 343 013a DC       		.byte	-36
 344 013b 22       		.byte	34
 345 013c DF       		.byte	-33
 346 013d 01       		.byte	1
 347 013e 00       		.byte	0
 348 013f 80       		.byte	-128
 349 0140 02       		.byte	2
 350 0141 80       		.byte	-128
 351 0142 03       		.byte	3
 352 0143 28       		.byte	40
 353 0144 05       		.byte	5
 354 0145 02       		.byte	2
 355 0146 06       		.byte	6
 356 0147 10       		.byte	16
 357 0148 07       		.byte	7
 358 0149 40       		.byte	64
 359 014a 08       		.byte	8
 360 014b 01       		.byte	1
 361 014c 0A       		.byte	10
 362 014d 26       		.byte	38
 363 014e 0B       		.byte	11
 364 014f 01       		.byte	1
 365 0150 0E       		.byte	14
 366 0151 40       		.byte	64
 367 0152 10       		.byte	16
 368 0153 80       		.byte	-128
 369 0154 11       		.byte	17
 370 0155 10       		.byte	16
 371 0156 13       		.byte	19
 372 0157 08       		.byte	8
 373 0158 15       		.byte	21
 374 0159 02       		.byte	2
 375 015a 16       		.byte	22
 376 015b 08       		.byte	8
 377 015c 17       		.byte	23
 378 015d 08       		.byte	8
 379 015e 19       		.byte	25
 380 015f 14       		.byte	20
 381 0160 1A       		.byte	26
 382 0161 A0       		.byte	-96
 383 0162 1C       		.byte	28
 384 0163 80       		.byte	-128
 385 0164 1E       		.byte	30
 386 0165 40       		.byte	64
 387 0166 1F       		.byte	31
 388 0167 02       		.byte	2
 389 0168 21       		.byte	33
 390 0169 01       		.byte	1
 391 016a 22       		.byte	34
 392 016b 07       		.byte	7
 393 016c 27       		.byte	39
 394 016d 0C       		.byte	12
 395 016e 29       		.byte	41
 396 016f 02       		.byte	2
 397 0170 2B       		.byte	43
 398 0171 02       		.byte	2
 399 0172 2E       		.byte	46
ARM GAS  C:\Users\Windows\AppData\Local\Temp\cc7ni8EF.s 			page 8


 400 0173 40       		.byte	64
 401 0174 2F       		.byte	47
 402 0175 20       		.byte	32
 403 0176 30       		.byte	48
 404 0177 80       		.byte	-128
 405 0178 32       		.byte	50
 406 0179 01       		.byte	1
 407 017a 33       		.byte	51
 408 017b 24       		.byte	36
 409 017c 37       		.byte	55
 410 017d 44       		.byte	68
 411 017e 3B       		.byte	59
 412 017f 04       		.byte	4
 413 0180 3E       		.byte	62
 414 0181 08       		.byte	8
 415 0182 3F       		.byte	63
 416 0183 01       		.byte	1
 417 0184 43       		.byte	67
 418 0185 24       		.byte	36
 419 0186 49       		.byte	73
 420 0187 01       		.byte	1
 421 0188 4A       		.byte	74
 422 0189 02       		.byte	2
 423 018a 4B       		.byte	75
 424 018b 04       		.byte	4
 425 018c 50       		.byte	80
 426 018d 90       		.byte	-112
 427 018e 59       		.byte	89
 428 018f 01       		.byte	1
 429 0190 5A       		.byte	90
 430 0191 88       		.byte	-120
 431 0192 5B       		.byte	91
 432 0193 10       		.byte	16
 433 0194 91       		.byte	-111
 434 0195 10       		.byte	16
 435 0196 92       		.byte	-110
 436 0197 04       		.byte	4
 437 0198 94       		.byte	-108
 438 0199 20       		.byte	32
 439 019a 95       		.byte	-107
 440 019b 02       		.byte	2
 441 019c 96       		.byte	-106
 442 019d 40       		.byte	64
 443 019e 98       		.byte	-104
 444 019f 01       		.byte	1
 445 01a0 9A       		.byte	-102
 446 01a1 18       		.byte	24
 447 01a2 9B       		.byte	-101
 448 01a3 40       		.byte	64
 449 01a4 9D       		.byte	-99
 450 01a5 14       		.byte	20
 451 01a6 9F       		.byte	-97
 452 01a7 08       		.byte	8
 453 01a8 A2       		.byte	-94
 454 01a9 80       		.byte	-128
 455 01aa A3       		.byte	-93
 456 01ab 28       		.byte	40
ARM GAS  C:\Users\Windows\AppData\Local\Temp\cc7ni8EF.s 			page 9


 457 01ac B0       		.byte	-80
 458 01ad 01       		.byte	1
 459 01ae B4       		.byte	-76
 460 01af 40       		.byte	64
 461 01b0 C0       		.byte	-64
 462 01b1 3F       		.byte	63
 463 01b2 C2       		.byte	-62
 464 01b3 1F       		.byte	31
 465 01b4 C4       		.byte	-60
 466 01b5 7E       		.byte	126
 467 01b6 CA       		.byte	-54
 468 01b7 59       		.byte	89
 469 01b8 CC       		.byte	-52
 470 01b9 5F       		.byte	95
 471 01ba CE       		.byte	-50
 472 01bb C2       		.byte	-62
 473 01bc D0       		.byte	-48
 474 01bd 06       		.byte	6
 475 01be D2       		.byte	-46
 476 01bf 08       		.byte	8
 477 01c0 D6       		.byte	-42
 478 01c1 0F       		.byte	15
 479 01c2 08       		.byte	8
 480 01c3 14       		.byte	20
 481 01c4 10       		.byte	16
 482 01c5 1C       		.byte	28
 483 01c6 11       		.byte	17
 484 01c7 01       		.byte	1
 485 01c8 12       		.byte	18
 486 01c9 02       		.byte	2
 487 01ca 1E       		.byte	30
 488 01cb 03       		.byte	3
 489 01cc 20       		.byte	32
 490 01cd 10       		.byte	16
 491 01ce 22       		.byte	34
 492 01cf 0C       		.byte	12
 493 01d0 24       		.byte	36
 494 01d1 0C       		.byte	12
 495 01d2 26       		.byte	38
 496 01d3 11       		.byte	17
 497 01d4 28       		.byte	40
 498 01d5 10       		.byte	16
 499 01d6 2C       		.byte	44
 500 01d7 09       		.byte	9
 501 01d8 2E       		.byte	46
 502 01d9 10       		.byte	16
 503 01da 31       		.byte	49
 504 01db 01       		.byte	1
 505 01dc 36       		.byte	54
 506 01dd 1F       		.byte	31
 507 01de 3F       		.byte	63
 508 01df 01       		.byte	1
 509 01e0 40       		.byte	64
 510 01e1 01       		.byte	1
 511 01e2 47       		.byte	71
 512 01e3 04       		.byte	4
 513 01e4 49       		.byte	73
ARM GAS  C:\Users\Windows\AppData\Local\Temp\cc7ni8EF.s 			page 10


 514 01e5 FF       		.byte	-1
 515 01e6 4A       		.byte	74
 516 01e7 07       		.byte	7
 517 01e8 4B       		.byte	75
 518 01e9 FF       		.byte	-1
 519 01ea 4C       		.byte	76
 520 01eb 40       		.byte	64
 521 01ec 4D       		.byte	77
 522 01ed 20       		.byte	32
 523 01ee 4E       		.byte	78
 524 01ef F0       		.byte	-16
 525 01f0 4F       		.byte	79
 526 01f1 05       		.byte	5
 527 01f2 50       		.byte	80
 528 01f3 08       		.byte	8
 529 01f4 58       		.byte	88
 530 01f5 04       		.byte	4
 531 01f6 59       		.byte	89
 532 01f7 04       		.byte	4
 533 01f8 5A       		.byte	90
 534 01f9 04       		.byte	4
 535 01fa 5C       		.byte	92
 536 01fb 02       		.byte	2
 537 01fc 5D       		.byte	93
 538 01fd 02       		.byte	2
 539 01fe 5F       		.byte	95
 540 01ff 01       		.byte	1
 541 0200 60       		.byte	96
 542 0201 40       		.byte	64
 543 0202 61       		.byte	97
 544 0203 A8       		.byte	-88
 545 0204 62       		.byte	98
 546 0205 40       		.byte	64
 547 0206 63       		.byte	99
 548 0207 20       		.byte	32
 549 0208 85       		.byte	-123
 550 0209 1C       		.byte	28
 551 020a 89       		.byte	-119
 552 020b 1C       		.byte	28
 553 020c 8D       		.byte	-115
 554 020d 03       		.byte	3
 555 020e 90       		.byte	-112
 556 020f 01       		.byte	1
 557 0210 95       		.byte	-107
 558 0211 12       		.byte	18
 559 0212 97       		.byte	-105
 560 0213 84       		.byte	-124
 561 0214 9A       		.byte	-102
 562 0215 02       		.byte	2
 563 0216 9B       		.byte	-101
 564 0217 03       		.byte	3
 565 0218 9E       		.byte	-98
 566 0219 01       		.byte	1
 567 021a 9F       		.byte	-97
 568 021b 03       		.byte	3
 569 021c A1       		.byte	-95
 570 021d 07       		.byte	7
ARM GAS  C:\Users\Windows\AppData\Local\Temp\cc7ni8EF.s 			page 11


 571 021e A2       		.byte	-94
 572 021f 02       		.byte	2
 573 0220 A3       		.byte	-93
 574 0221 58       		.byte	88
 575 0222 A6       		.byte	-90
 576 0223 01       		.byte	1
 577 0224 A7       		.byte	-89
 578 0225 03       		.byte	3
 579 0226 A8       		.byte	-88
 580 0227 01       		.byte	1
 581 0228 A9       		.byte	-87
 582 0229 03       		.byte	3
 583 022a AD       		.byte	-83
 584 022b 09       		.byte	9
 585 022c AF       		.byte	-81
 586 022d A4       		.byte	-92
 587 022e B0       		.byte	-80
 588 022f 02       		.byte	2
 589 0230 B1       		.byte	-79
 590 0231 03       		.byte	3
 591 0232 B2       		.byte	-78
 592 0233 01       		.byte	1
 593 0234 B3       		.byte	-77
 594 0235 20       		.byte	32
 595 0236 B5       		.byte	-75
 596 0237 1C       		.byte	28
 597 0238 B7       		.byte	-73
 598 0239 C0       		.byte	-64
 599 023a B8       		.byte	-72
 600 023b 08       		.byte	8
 601 023c BA       		.byte	-70
 602 023d 20       		.byte	32
 603 023e BE       		.byte	-66
 604 023f 01       		.byte	1
 605 0240 BF       		.byte	-65
 606 0241 40       		.byte	64
 607 0242 C0       		.byte	-64
 608 0243 53       		.byte	83
 609 0244 C1       		.byte	-63
 610 0245 06       		.byte	6
 611 0246 C2       		.byte	-62
 612 0247 02       		.byte	2
 613 0248 C4       		.byte	-60
 614 0249 01       		.byte	1
 615 024a C5       		.byte	-59
 616 024b E0       		.byte	-32
 617 024c C6       		.byte	-58
 618 024d 0C       		.byte	12
 619 024e C8       		.byte	-56
 620 024f 06       		.byte	6
 621 0250 C9       		.byte	-55
 622 0251 FF       		.byte	-1
 623 0252 CA       		.byte	-54
 624 0253 FF       		.byte	-1
 625 0254 CB       		.byte	-53
 626 0255 FF       		.byte	-1
 627 0256 CC       		.byte	-52
ARM GAS  C:\Users\Windows\AppData\Local\Temp\cc7ni8EF.s 			page 12


 628 0257 62       		.byte	98
 629 0258 CD       		.byte	-51
 630 0259 A0       		.byte	-96
 631 025a CE       		.byte	-50
 632 025b F0       		.byte	-16
 633 025c CF       		.byte	-49
 634 025d 41       		.byte	65
 635 025e D0       		.byte	-48
 636 025f 0C       		.byte	12
 637 0260 D4       		.byte	-44
 638 0261 18       		.byte	24
 639 0262 D6       		.byte	-42
 640 0263 04       		.byte	4
 641 0264 D8       		.byte	-40
 642 0265 04       		.byte	4
 643 0266 D9       		.byte	-39
 644 0267 04       		.byte	4
 645 0268 DA       		.byte	-38
 646 0269 04       		.byte	4
 647 026a DB       		.byte	-37
 648 026b 04       		.byte	4
 649 026c DC       		.byte	-36
 650 026d 22       		.byte	34
 651 026e DD       		.byte	-35
 652 026f 22       		.byte	34
 653 0270 DF       		.byte	-33
 654 0271 01       		.byte	1
 655 0272 E6       		.byte	-26
 656 0273 40       		.byte	64
 657 0274 E7       		.byte	-25
 658 0275 02       		.byte	2
 659 0276 E9       		.byte	-23
 660 0277 10       		.byte	16
 661 0278 EA       		.byte	-22
 662 0279 30       		.byte	48
 663 027a EB       		.byte	-21
 664 027b 10       		.byte	16
 665 027c ED       		.byte	-19
 666 027d 10       		.byte	16
 667 027e EE       		.byte	-18
 668 027f 10       		.byte	16
 669 0280 EF       		.byte	-17
 670 0281 12       		.byte	18
 671 0282 04       		.byte	4
 672 0283 20       		.byte	32
 673 0284 09       		.byte	9
 674 0285 20       		.byte	32
 675 0286 0A       		.byte	10
 676 0287 01       		.byte	1
 677 0288 0B       		.byte	11
 678 0289 84       		.byte	-124
 679 028a 0E       		.byte	14
 680 028b 42       		.byte	66
 681 028c 10       		.byte	16
 682 028d 98       		.byte	-104
 683 028e 15       		.byte	21
 684 028f 02       		.byte	2
ARM GAS  C:\Users\Windows\AppData\Local\Temp\cc7ni8EF.s 			page 13


 685 0290 16       		.byte	22
 686 0291 08       		.byte	8
 687 0292 17       		.byte	23
 688 0293 48       		.byte	72
 689 0294 19       		.byte	25
 690 0295 20       		.byte	32
 691 0296 1B       		.byte	27
 692 0297 09       		.byte	9
 693 0298 1E       		.byte	30
 694 0299 02       		.byte	2
 695 029a 20       		.byte	32
 696 029b 01       		.byte	1
 697 029c 21       		.byte	33
 698 029d 08       		.byte	8
 699 029e 22       		.byte	34
 700 029f 31       		.byte	49
 701 02a0 24       		.byte	36
 702 02a1 40       		.byte	64
 703 02a2 28       		.byte	40
 704 02a3 21       		.byte	33
 705 02a4 29       		.byte	41
 706 02a5 20       		.byte	32
 707 02a6 2A       		.byte	42
 708 02a7 02       		.byte	2
 709 02a8 30       		.byte	48
 710 02a9 10       		.byte	16
 711 02aa 31       		.byte	49
 712 02ab 44       		.byte	68
 713 02ac 33       		.byte	51
 714 02ad 04       		.byte	4
 715 02ae 36       		.byte	54
 716 02af 01       		.byte	1
 717 02b0 39       		.byte	57
 718 02b1 14       		.byte	20
 719 02b2 3B       		.byte	59
 720 02b3 80       		.byte	-128
 721 02b4 40       		.byte	64
 722 02b5 21       		.byte	33
 723 02b6 41       		.byte	65
 724 02b7 24       		.byte	36
 725 02b8 45       		.byte	69
 726 02b9 80       		.byte	-128
 727 02ba 48       		.byte	72
 728 02bb 08       		.byte	8
 729 02bc 49       		.byte	73
 730 02bd 20       		.byte	32
 731 02be 4A       		.byte	74
 732 02bf 80       		.byte	-128
 733 02c0 4B       		.byte	75
 734 02c1 80       		.byte	-128
 735 02c2 50       		.byte	80
 736 02c3 80       		.byte	-128
 737 02c4 56       		.byte	86
 738 02c5 18       		.byte	24
 739 02c6 57       		.byte	87
 740 02c7 20       		.byte	32
 741 02c8 5A       		.byte	90
ARM GAS  C:\Users\Windows\AppData\Local\Temp\cc7ni8EF.s 			page 14


 742 02c9 02       		.byte	2
 743 02ca 61       		.byte	97
 744 02cb 10       		.byte	16
 745 02cc 63       		.byte	99
 746 02cd 42       		.byte	66
 747 02ce 87       		.byte	-121
 748 02cf 40       		.byte	64
 749 02d0 8E       		.byte	-114
 750 02d1 12       		.byte	18
 751 02d2 91       		.byte	-111
 752 02d3 1C       		.byte	28
 753 02d4 92       		.byte	-110
 754 02d5 05       		.byte	5
 755 02d6 93       		.byte	-109
 756 02d7 84       		.byte	-124
 757 02d8 95       		.byte	-107
 758 02d9 02       		.byte	2
 759 02da 96       		.byte	-106
 760 02db 40       		.byte	64
 761 02dc 98       		.byte	-104
 762 02dd 10       		.byte	16
 763 02de 99       		.byte	-103
 764 02df 40       		.byte	64
 765 02e0 9B       		.byte	-101
 766 02e1 40       		.byte	64
 767 02e2 9C       		.byte	-100
 768 02e3 01       		.byte	1
 769 02e4 9D       		.byte	-99
 770 02e5 20       		.byte	32
 771 02e6 9E       		.byte	-98
 772 02e7 10       		.byte	16
 773 02e8 9F       		.byte	-97
 774 02e9 0C       		.byte	12
 775 02ea A1       		.byte	-95
 776 02eb 80       		.byte	-128
 777 02ec A5       		.byte	-91
 778 02ed 08       		.byte	8
 779 02ee A6       		.byte	-90
 780 02ef 20       		.byte	32
 781 02f0 A7       		.byte	-89
 782 02f1 20       		.byte	32
 783 02f2 B2       		.byte	-78
 784 02f3 80       		.byte	-128
 785 02f4 B3       		.byte	-77
 786 02f5 20       		.byte	32
 787 02f6 B6       		.byte	-74
 788 02f7 21       		.byte	33
 789 02f8 C0       		.byte	-64
 790 02f9 40       		.byte	64
 791 02fa C2       		.byte	-62
 792 02fb 9B       		.byte	-101
 793 02fc C4       		.byte	-60
 794 02fd FE       		.byte	-2
 795 02fe CA       		.byte	-54
 796 02ff 0F       		.byte	15
 797 0300 CC       		.byte	-52
 798 0301 8E       		.byte	-114
ARM GAS  C:\Users\Windows\AppData\Local\Temp\cc7ni8EF.s 			page 15


 799 0302 CE       		.byte	-50
 800 0303 0E       		.byte	14
 801 0304 D0       		.byte	-48
 802 0305 1E       		.byte	30
 803 0306 D2       		.byte	-46
 804 0307 0C       		.byte	12
 805 0308 D6       		.byte	-42
 806 0309 01       		.byte	1
 807 030a D8       		.byte	-40
 808 030b 0D       		.byte	13
 809 030c 01       		.byte	1
 810 030d 04       		.byte	4
 811 030e 02       		.byte	2
 812 030f 73       		.byte	115
 813 0310 04       		.byte	4
 814 0311 03       		.byte	3
 815 0312 05       		.byte	5
 816 0313 06       		.byte	6
 817 0314 08       		.byte	8
 818 0315 02       		.byte	2
 819 0316 09       		.byte	9
 820 0317 02       		.byte	2
 821 0318 0C       		.byte	12
 822 0319 F3       		.byte	-13
 823 031a 0E       		.byte	14
 824 031b 0C       		.byte	12
 825 031c 0F       		.byte	15
 826 031d 01       		.byte	1
 827 031e 10       		.byte	16
 828 031f 81       		.byte	-127
 829 0320 11       		.byte	17
 830 0321 10       		.byte	16
 831 0322 15       		.byte	21
 832 0323 10       		.byte	16
 833 0324 16       		.byte	22
 834 0325 80       		.byte	-128
 835 0326 18       		.byte	24
 836 0327 8C       		.byte	-116
 837 0328 19       		.byte	25
 838 0329 0F       		.byte	15
 839 032a 1A       		.byte	26
 840 032b 53       		.byte	83
 841 032c 1C       		.byte	28
 842 032d 8F       		.byte	-113
 843 032e 1D       		.byte	29
 844 032f 10       		.byte	16
 845 0330 1E       		.byte	30
 846 0331 30       		.byte	48
 847 0332 20       		.byte	32
 848 0333 08       		.byte	8
 849 0334 21       		.byte	33
 850 0335 09       		.byte	9
 851 0336 23       		.byte	35
 852 0337 06       		.byte	6
 853 0338 24       		.byte	36
 854 0339 04       		.byte	4
 855 033a 28       		.byte	40
ARM GAS  C:\Users\Windows\AppData\Local\Temp\cc7ni8EF.s 			page 16


 856 033b 0C       		.byte	12
 857 033c 29       		.byte	41
 858 033d 0F       		.byte	15
 859 033e 2C       		.byte	44
 860 033f FF       		.byte	-1
 861 0340 2D       		.byte	45
 862 0341 0E       		.byte	14
 863 0342 2F       		.byte	47
 864 0343 01       		.byte	1
 865 0344 30       		.byte	48
 866 0345 0F       		.byte	15
 867 0346 33       		.byte	51
 868 0347 10       		.byte	16
 869 0348 34       		.byte	52
 870 0349 EC       		.byte	-20
 871 034a 35       		.byte	53
 872 034b 07       		.byte	7
 873 034c 36       		.byte	54
 874 034d 1C       		.byte	28
 875 034e 37       		.byte	55
 876 034f 08       		.byte	8
 877 0350 3A       		.byte	58
 878 0351 A2       		.byte	-94
 879 0352 3F       		.byte	63
 880 0353 40       		.byte	64
 881 0354 56       		.byte	86
 882 0355 02       		.byte	2
 883 0356 57       		.byte	87
 884 0357 10       		.byte	16
 885 0358 58       		.byte	88
 886 0359 04       		.byte	4
 887 035a 59       		.byte	89
 888 035b 04       		.byte	4
 889 035c 5B       		.byte	91
 890 035d 04       		.byte	4
 891 035e 5C       		.byte	92
 892 035f 22       		.byte	34
 893 0360 5D       		.byte	93
 894 0361 20       		.byte	32
 895 0362 5F       		.byte	95
 896 0363 01       		.byte	1
 897 0364 86       		.byte	-122
 898 0365 01       		.byte	1
 899 0366 90       		.byte	-112
 900 0367 02       		.byte	2
 901 0368 91       		.byte	-111
 902 0369 01       		.byte	1
 903 036a 95       		.byte	-107
 904 036b 01       		.byte	1
 905 036c A0       		.byte	-96
 906 036d 03       		.byte	3
 907 036e A4       		.byte	-92
 908 036f 03       		.byte	3
 909 0370 A5       		.byte	-91
 910 0371 02       		.byte	2
 911 0372 AF       		.byte	-81
 912 0373 01       		.byte	1
ARM GAS  C:\Users\Windows\AppData\Local\Temp\cc7ni8EF.s 			page 17


 913 0374 B1       		.byte	-79
 914 0375 03       		.byte	3
 915 0376 B6       		.byte	-74
 916 0377 03       		.byte	3
 917 0378 B8       		.byte	-72
 918 0379 80       		.byte	-128
 919 037a B9       		.byte	-71
 920 037b 02       		.byte	2
 921 037c BE       		.byte	-66
 922 037d 40       		.byte	64
 923 037e D8       		.byte	-40
 924 037f 04       		.byte	4
 925 0380 D9       		.byte	-39
 926 0381 04       		.byte	4
 927 0382 DC       		.byte	-36
 928 0383 20       		.byte	32
 929 0384 DF       		.byte	-33
 930 0385 01       		.byte	1
 931 0386 00       		.byte	0
 932 0387 40       		.byte	64
 933 0388 02       		.byte	2
 934 0389 60       		.byte	96
 935 038a 03       		.byte	3
 936 038b 04       		.byte	4
 937 038c 06       		.byte	6
 938 038d 10       		.byte	16
 939 038e 08       		.byte	8
 940 038f 11       		.byte	17
 941 0390 09       		.byte	9
 942 0391 08       		.byte	8
 943 0392 0A       		.byte	10
 944 0393 01       		.byte	1
 945 0394 0E       		.byte	14
 946 0395 40       		.byte	64
 947 0396 10       		.byte	16
 948 0397 A0       		.byte	-96
 949 0398 12       		.byte	18
 950 0399 01       		.byte	1
 951 039a 13       		.byte	19
 952 039b 10       		.byte	16
 953 039c 15       		.byte	21
 954 039d 02       		.byte	2
 955 039e 17       		.byte	23
 956 039f 09       		.byte	9
 957 03a0 18       		.byte	24
 958 03a1 40       		.byte	64
 959 03a2 19       		.byte	25
 960 03a3 51       		.byte	81
 961 03a4 1A       		.byte	26
 962 03a5 01       		.byte	1
 963 03a6 1D       		.byte	29
 964 03a7 80       		.byte	-128
 965 03a8 21       		.byte	33
 966 03a9 04       		.byte	4
 967 03aa 22       		.byte	34
 968 03ab 40       		.byte	64
 969 03ac 23       		.byte	35
ARM GAS  C:\Users\Windows\AppData\Local\Temp\cc7ni8EF.s 			page 18


 970 03ad 24       		.byte	36
 971 03ae 27       		.byte	39
 972 03af 40       		.byte	64
 973 03b0 29       		.byte	41
 974 03b1 61       		.byte	97
 975 03b2 2A       		.byte	42
 976 03b3 20       		.byte	32
 977 03b4 2E       		.byte	46
 978 03b5 40       		.byte	64
 979 03b6 2F       		.byte	47
 980 03b7 20       		.byte	32
 981 03b8 30       		.byte	48
 982 03b9 52       		.byte	82
 983 03ba 31       		.byte	49
 984 03bb 10       		.byte	16
 985 03bc 32       		.byte	50
 986 03bd 04       		.byte	4
 987 03be 37       		.byte	55
 988 03bf 09       		.byte	9
 989 03c0 38       		.byte	56
 990 03c1 28       		.byte	40
 991 03c2 3A       		.byte	58
 992 03c3 C2       		.byte	-62
 993 03c4 5A       		.byte	90
 994 03c5 80       		.byte	-128
 995 03c6 65       		.byte	101
 996 03c7 01       		.byte	1
 997 03c8 67       		.byte	103
 998 03c9 80       		.byte	-128
 999 03ca 68       		.byte	104
 1000 03cb 02       		.byte	2
 1001 03cc 69       		.byte	105
 1002 03cd 14       		.byte	20
 1003 03ce 6A       		.byte	106
 1004 03cf 0C       		.byte	12
 1005 03d0 70       		.byte	112
 1006 03d1 B4       		.byte	-76
 1007 03d2 72       		.byte	114
 1008 03d3 02       		.byte	2
 1009 03d4 73       		.byte	115
 1010 03d5 10       		.byte	16
 1011 03d6 88       		.byte	-120
 1012 03d7 40       		.byte	64
 1013 03d8 89       		.byte	-119
 1014 03d9 10       		.byte	16
 1015 03da C0       		.byte	-64
 1016 03db 2F       		.byte	47
 1017 03dc C2       		.byte	-62
 1018 03dd 1F       		.byte	31
 1019 03de C4       		.byte	-60
 1020 03df 3F       		.byte	63
 1021 03e0 CA       		.byte	-54
 1022 03e1 5D       		.byte	93
 1023 03e2 CC       		.byte	-52
 1024 03e3 CF       		.byte	-49
 1025 03e4 CE       		.byte	-50
 1026 03e5 0F       		.byte	15
ARM GAS  C:\Users\Windows\AppData\Local\Temp\cc7ni8EF.s 			page 19


 1027 03e6 D6       		.byte	-42
 1028 03e7 08       		.byte	8
 1029 03e8 E0       		.byte	-32
 1030 03e9 08       		.byte	8
 1031 03ea E4       		.byte	-28
 1032 03eb 01       		.byte	1
 1033 03ec EA       		.byte	-22
 1034 03ed 01       		.byte	1
 1035 03ee B4       		.byte	-76
 1036 03ef 01       		.byte	1
 1037 03f0 E2       		.byte	-30
 1038 03f1 02       		.byte	2
 1039 03f2 E6       		.byte	-26
 1040 03f3 40       		.byte	64
 1041 03f4 EC       		.byte	-20
 1042 03f5 10       		.byte	16
 1043 03f6 40       		.byte	64
 1044 03f7 60       		.byte	96
 1045 03f8 41       		.byte	65
 1046 03f9 02       		.byte	2
 1047 03fa 49       		.byte	73
 1048 03fb FF       		.byte	-1
 1049 03fc 4A       		.byte	74
 1050 03fd FF       		.byte	-1
 1051 03fe 4B       		.byte	75
 1052 03ff FF       		.byte	-1
 1053 0400 4D       		.byte	77
 1054 0401 A0       		.byte	-96
 1055 0402 4F       		.byte	79
 1056 0403 04       		.byte	4
 1057 0404 50       		.byte	80
 1058 0405 18       		.byte	24
 1059 0406 5A       		.byte	90
 1060 0407 04       		.byte	4
 1061 0408 5D       		.byte	93
 1062 0409 01       		.byte	1
 1063 040a 5F       		.byte	95
 1064 040b 01       		.byte	1
 1065 040c 60       		.byte	96
 1066 040d 40       		.byte	64
 1067 040e 62       		.byte	98
 1068 040f C0       		.byte	-64
 1069 0410 64       		.byte	100
 1070 0411 40       		.byte	64
 1071 0412 65       		.byte	101
 1072 0413 40       		.byte	64
 1073 0414 66       		.byte	102
 1074 0415 C0       		.byte	-64
 1075 0416 68       		.byte	104
 1076 0417 C0       		.byte	-64
 1077 0418 6A       		.byte	106
 1078 0419 C0       		.byte	-64
 1079 041a 6C       		.byte	108
 1080 041b C0       		.byte	-64
 1081 041c 6E       		.byte	110
 1082 041d C0       		.byte	-64
 1083 041e 86       		.byte	-122
ARM GAS  C:\Users\Windows\AppData\Local\Temp\cc7ni8EF.s 			page 20


 1084 041f 02       		.byte	2
 1085 0420 87       		.byte	-121
 1086 0421 02       		.byte	2
 1087 0422 92       		.byte	-110
 1088 0423 01       		.byte	1
 1089 0424 9B       		.byte	-101
 1090 0425 01       		.byte	1
 1091 0426 A6       		.byte	-90
 1092 0427 06       		.byte	6
 1093 0428 AB       		.byte	-85
 1094 0429 02       		.byte	2
 1095 042a AD       		.byte	-83
 1096 042b 01       		.byte	1
 1097 042c B0       		.byte	-80
 1098 042d 02       		.byte	2
 1099 042e B3       		.byte	-77
 1100 042f 02       		.byte	2
 1101 0430 B4       		.byte	-76
 1102 0431 01       		.byte	1
 1103 0432 B6       		.byte	-74
 1104 0433 04       		.byte	4
 1105 0434 B7       		.byte	-73
 1106 0435 01       		.byte	1
 1107 0436 BF       		.byte	-65
 1108 0437 04       		.byte	4
 1109 0438 C0       		.byte	-64
 1110 0439 20       		.byte	32
 1111 043a C1       		.byte	-63
 1112 043b 06       		.byte	6
 1113 043c C5       		.byte	-59
 1114 043d D1       		.byte	-47
 1115 043e C7       		.byte	-57
 1116 043f 02       		.byte	2
 1117 0440 C8       		.byte	-56
 1118 0441 13       		.byte	19
 1119 0442 C9       		.byte	-55
 1120 0443 FF       		.byte	-1
 1121 0444 CA       		.byte	-54
 1122 0445 FF       		.byte	-1
 1123 0446 CB       		.byte	-53
 1124 0447 FF       		.byte	-1
 1125 0448 CD       		.byte	-51
 1126 0449 AF       		.byte	-81
 1127 044a CE       		.byte	-50
 1128 044b 0F       		.byte	15
 1129 044c CF       		.byte	-49
 1130 044d 04       		.byte	4
 1131 044e D0       		.byte	-48
 1132 044f 18       		.byte	24
 1133 0450 D2       		.byte	-46
 1134 0451 80       		.byte	-128
 1135 0452 D4       		.byte	-44
 1136 0453 05       		.byte	5
 1137 0454 D8       		.byte	-40
 1138 0455 04       		.byte	4
 1139 0456 D9       		.byte	-39
 1140 0457 04       		.byte	4
ARM GAS  C:\Users\Windows\AppData\Local\Temp\cc7ni8EF.s 			page 21


 1141 0458 DA       		.byte	-38
 1142 0459 04       		.byte	4
 1143 045a DB       		.byte	-37
 1144 045b 04       		.byte	4
 1145 045c DC       		.byte	-36
 1146 045d 11       		.byte	17
 1147 045e DD       		.byte	-35
 1148 045f 11       		.byte	17
 1149 0460 DF       		.byte	-33
 1150 0461 01       		.byte	1
 1151 0462 E0       		.byte	-32
 1152 0463 40       		.byte	64
 1153 0464 E2       		.byte	-30
 1154 0465 C0       		.byte	-64
 1155 0466 E4       		.byte	-28
 1156 0467 40       		.byte	64
 1157 0468 E5       		.byte	-27
 1158 0469 40       		.byte	64
 1159 046a E6       		.byte	-26
 1160 046b C0       		.byte	-64
 1161 046c E8       		.byte	-24
 1162 046d C0       		.byte	-64
 1163 046e EA       		.byte	-22
 1164 046f C0       		.byte	-64
 1165 0470 EC       		.byte	-20
 1166 0471 C0       		.byte	-64
 1167 0472 EE       		.byte	-18
 1168 0473 C0       		.byte	-64
 1169 0474 00       		.byte	0
 1170 0475 04       		.byte	4
 1171 0476 09       		.byte	9
 1172 0477 02       		.byte	2
 1173 0478 10       		.byte	16
 1174 0479 20       		.byte	32
 1175 047a 18       		.byte	24
 1176 047b 04       		.byte	4
 1177 047c 19       		.byte	25
 1178 047d 60       		.byte	96
 1179 047e 1B       		.byte	27
 1180 047f 12       		.byte	18
 1181 0480 22       		.byte	34
 1182 0481 44       		.byte	68
 1183 0482 29       		.byte	41
 1184 0483 60       		.byte	96
 1185 0484 30       		.byte	48
 1186 0485 20       		.byte	32
 1187 0486 3A       		.byte	58
 1188 0487 04       		.byte	4
 1189 0488 40       		.byte	64
 1190 0489 04       		.byte	4
 1191 048a 46       		.byte	70
 1192 048b 04       		.byte	4
 1193 048c 48       		.byte	72
 1194 048d 28       		.byte	40
 1195 048e 49       		.byte	73
 1196 048f 01       		.byte	1
 1197 0490 4F       		.byte	79
ARM GAS  C:\Users\Windows\AppData\Local\Temp\cc7ni8EF.s 			page 22


 1198 0491 20       		.byte	32
 1199 0492 50       		.byte	80
 1200 0493 08       		.byte	8
 1201 0494 52       		.byte	82
 1202 0495 04       		.byte	4
 1203 0496 59       		.byte	89
 1204 0497 01       		.byte	1
 1205 0498 5A       		.byte	90
 1206 0499 88       		.byte	-120
 1207 049a 71       		.byte	113
 1208 049b 02       		.byte	2
 1209 049c C0       		.byte	-64
 1210 049d 04       		.byte	4
 1211 049e C2       		.byte	-62
 1212 049f 08       		.byte	8
 1213 04a0 C4       		.byte	-60
 1214 04a1 04       		.byte	4
 1215 04a2 CA       		.byte	-54
 1216 04a3 0C       		.byte	12
 1217 04a4 CC       		.byte	-52
 1218 04a5 04       		.byte	4
 1219 04a6 CE       		.byte	-50
 1220 04a7 02       		.byte	2
 1221 04a8 D0       		.byte	-48
 1222 04a9 24       		.byte	36
 1223 04aa D2       		.byte	-46
 1224 04ab 24       		.byte	36
 1225 04ac D6       		.byte	-42
 1226 04ad 0B       		.byte	11
 1227 04ae E2       		.byte	-30
 1228 04af 02       		.byte	2
 1229 04b0 E6       		.byte	-26
 1230 04b1 40       		.byte	64
 1231 04b2 E8       		.byte	-24
 1232 04b3 40       		.byte	64
 1233 04b4 EC       		.byte	-20
 1234 04b5 10       		.byte	16
 1235 04b6 AB       		.byte	-85
 1236 04b7 02       		.byte	2
 1237 04b8 E0       		.byte	-32
 1238 04b9 08       		.byte	8
 1239 04ba E4       		.byte	-28
 1240 04bb 01       		.byte	1
 1241 04bc E8       		.byte	-24
 1242 04bd 04       		.byte	4
 1243 04be EA       		.byte	-22
 1244 04bf 01       		.byte	1
 1245 04c0 32       		.byte	50
 1246 04c1 20       		.byte	32
 1247 04c2 CC       		.byte	-52
 1248 04c3 10       		.byte	16
 1249 04c4 86       		.byte	-122
 1250 04c5 20       		.byte	32
 1251 04c6 A6       		.byte	-90
 1252 04c7 20       		.byte	32
 1253 04c8 E6       		.byte	-26
 1254 04c9 40       		.byte	64
ARM GAS  C:\Users\Windows\AppData\Local\Temp\cc7ni8EF.s 			page 23


 1255 04ca 3E       		.byte	62
 1256 04cb 10       		.byte	16
 1257 04cc CE       		.byte	-50
 1258 04cd 20       		.byte	32
 1259 04ce 96       		.byte	-106
 1260 04cf 10       		.byte	16
 1261 04d0 7C       		.byte	124
 1262 04d1 20       		.byte	32
 1263 04d2 DE       		.byte	-34
 1264 04d3 01       		.byte	1
 1265 04d4 00       		.byte	0
 1266 04d5 80       		.byte	-128
 1267 04d6 57       		.byte	87
 1268 04d7 04       		.byte	4
 1269 04d8 9C       		.byte	-100
 1270 04d9 20       		.byte	32
 1271 04da C0       		.byte	-64
 1272 04db 02       		.byte	2
 1273 04dc D4       		.byte	-44
 1274 04dd 02       		.byte	2
 1275 04de 45       		.byte	69
 1276 04df 02       		.byte	2
 1277 04e0 9C       		.byte	-100
 1278 04e1 20       		.byte	32
 1279 04e2 B0       		.byte	-80
 1280 04e3 40       		.byte	64
 1281 04e4 B7       		.byte	-73
 1282 04e5 04       		.byte	4
 1283 04e6 D0       		.byte	-48
 1284 04e7 01       		.byte	1
 1285 04e8 E8       		.byte	-24
 1286 04e9 02       		.byte	2
 1287 04ea EE       		.byte	-18
 1288 04eb 04       		.byte	4
 1289 04ec 9C       		.byte	-100
 1290 04ed 20       		.byte	32
 1291 04ee A5       		.byte	-91
 1292 04ef 02       		.byte	2
 1293 04f0 27       		.byte	39
 1294 04f1 04       		.byte	4
 1295 04f2 84       		.byte	-124
 1296 04f3 08       		.byte	8
 1297 04f4 8F       		.byte	-113
 1298 04f5 10       		.byte	16
 1299 04f6 96       		.byte	-106
 1300 04f7 10       		.byte	16
 1301 04f8 9F       		.byte	-97
 1302 04f9 04       		.byte	4
 1303 04fa B7       		.byte	-73
 1304 04fb 04       		.byte	4
 1305 04fc C8       		.byte	-56
 1306 04fd 20       		.byte	32
 1307 04fe E2       		.byte	-30
 1308 04ff 40       		.byte	64
 1309 0500 12       		.byte	18
 1310 0501 20       		.byte	32
 1311 0502 16       		.byte	22
ARM GAS  C:\Users\Windows\AppData\Local\Temp\cc7ni8EF.s 			page 24


 1312 0503 40       		.byte	64
 1313 0504 70       		.byte	112
 1314 0505 08       		.byte	8
 1315 0506 77       		.byte	119
 1316 0507 10       		.byte	16
 1317 0508 82       		.byte	-126
 1318 0509 20       		.byte	32
 1319 050a 86       		.byte	-122
 1320 050b 40       		.byte	64
 1321 050c 9B       		.byte	-101
 1322 050d 10       		.byte	16
 1323 050e A0       		.byte	-96
 1324 050f 08       		.byte	8
 1325 0510 AA       		.byte	-86
 1326 0511 10       		.byte	16
 1327 0512 C4       		.byte	-60
 1328 0513 30       		.byte	48
 1329 0514 DC       		.byte	-36
 1330 0515 80       		.byte	-128
 1331 0516 DE       		.byte	-34
 1332 0517 20       		.byte	32
 1333 0518 E0       		.byte	-32
 1334 0519 10       		.byte	16
 1335 051a E4       		.byte	-28
 1336 051b 80       		.byte	-128
 1337 051c EA       		.byte	-22
 1338 051d 80       		.byte	-128
 1339 051e 13       		.byte	19
 1340 051f 24       		.byte	36
 1341 0520 16       		.byte	22
 1342 0521 20       		.byte	32
 1343 0522 62       		.byte	98
 1344 0523 01       		.byte	1
 1345 0524 7B       		.byte	123
 1346 0525 10       		.byte	16
 1347 0526 7F       		.byte	127
 1348 0527 40       		.byte	64
 1349 0528 87       		.byte	-121
 1350 0529 04       		.byte	4
 1351 052a 8E       		.byte	-114
 1352 052b 20       		.byte	32
 1353 052c B4       		.byte	-76
 1354 052d 20       		.byte	32
 1355 052e B5       		.byte	-75
 1356 052f 02       		.byte	2
 1357 0530 C4       		.byte	-60
 1358 0531 0E       		.byte	14
 1359 0532 D8       		.byte	-40
 1360 0533 02       		.byte	2
 1361 0534 DE       		.byte	-34
 1362 0535 03       		.byte	3
 1363 0536 E6       		.byte	-26
 1364 0537 02       		.byte	2
 1365 0538 E8       		.byte	-24
 1366 0539 02       		.byte	2
 1367 053a EC       		.byte	-20
 1368 053b 08       		.byte	8
ARM GAS  C:\Users\Windows\AppData\Local\Temp\cc7ni8EF.s 			page 25


 1369 053c 83       		.byte	-125
 1370 053d 10       		.byte	16
 1371 053e 87       		.byte	-121
 1372 053f 40       		.byte	64
 1373 0540 97       		.byte	-105
 1374 0541 80       		.byte	-128
 1375 0542 A7       		.byte	-89
 1376 0543 10       		.byte	16
 1377 0544 AA       		.byte	-86
 1378 0545 01       		.byte	1
 1379 0546 AB       		.byte	-85
 1380 0547 20       		.byte	32
 1381 0548 00       		.byte	0
 1382 0549 04       		.byte	4
 1383 054a 0C       		.byte	12
 1384 054b 04       		.byte	4
 1385 054c 0E       		.byte	14
 1386 054d 04       		.byte	4
 1387 054e 10       		.byte	16
 1388 054f 02       		.byte	2
 1389 0550 1C       		.byte	28
 1390 0551 02       		.byte	2
 1391 0552 00       		.byte	0
 1392 0553 03       		.byte	3
 1393 0554 03       		.byte	3
 1394 0555 C0       		.byte	-64
 1395 0556 00       		.byte	0
 1396 0557 00       		.byte	0
 1397 0558 00       		.byte	0
 1398 0559 04       		.byte	4
 1399 055a 04       		.byte	4
 1400 055b 00       		.byte	0
 1401 055c 00       		.byte	0
 1402 055d 00       		.byte	0
 1403 055e 00       		.byte	0
 1404 055f 00       		.byte	0
 1405 0560 03       		.byte	3
 1406 0561 00       		.byte	0
 1407 0562 00       		.byte	0
 1408 0563 00       		.byte	0
 1409 0564 03       		.byte	3
 1410 0565 00       		.byte	0
 1411 0566 03       		.byte	3
 1412 0567 00       		.byte	0
 1413 0568 00       		.byte	0
 1414 0569 00       		.byte	0
 1415 056a 00       		.byte	0
 1416 056b 00       		.byte	0
 1417 056c 20       		.byte	32
 1418 056d 01       		.byte	1
 1419 056e 01       		.byte	1
 1420 056f 00       		.byte	0
 1421 0570 00       		.byte	0
 1422 0571 00       		.byte	0
 1423 0572 10       		.byte	16
 1424 0573 00       		.byte	0
 1425 0574 00       		.byte	0
ARM GAS  C:\Users\Windows\AppData\Local\Temp\cc7ni8EF.s 			page 26


 1426 0575 8B       		.byte	-117
 1427 0576 8B       		.byte	-117
 1428 0577 00       		.byte	0
 1429 0578 80       		.byte	-128
 1430 0579 00       		.byte	0
 1431 057a 00       		.byte	0
 1432 057b 00       		.byte	0
 1433 057c 01       		.byte	1
 1434 057d 00       		.byte	0
 1435 057e 06       		.byte	6
 1436 057f 01       		.byte	1
 1437 0580 01       		.byte	1
 1438 0581 00       		.byte	0
 1439 0582 01       		.byte	1
 1440 0583 00       		.byte	0
 1441 0584 00       		.byte	0
 1442 0585 00       		.byte	0
 1443 0586 00       		.byte	0
 1444 0587 00       		.byte	0
 1445 0588 00       		.byte	0
 1446 0589 10       		.byte	16
 1447 058a 10       		.byte	16
 1448 058b 00       		.byte	0
 1449 058c 00       		.byte	0
 1450 058d 00       		.byte	0
 1451 058e 00       		.byte	0
 1452 058f 00       		.byte	0
 1453 0590 07       		.byte	7
 1454 0591 00       		.byte	0
 1455 0592 18       		.byte	24
 1456 0593 01       		.byte	1
 1457              		.section	.cywolatch,"a",%progbits
 1458              		.align	2
 1459              		.type	cy_meta_wonvl, %object
 1460              		.size	cy_meta_wonvl, 4
 1461              	cy_meta_wonvl:
 1462 0000 BC       		.byte	-68
 1463 0001 90       		.byte	-112
 1464 0002 AC       		.byte	-84
 1465 0003 AF       		.byte	-81
 1466              		.section	.cycustnvl,"a",%progbits
 1467              		.align	2
 1468              		.type	cy_meta_custnvl, %object
 1469              		.size	cy_meta_custnvl, 4
 1470              	cy_meta_custnvl:
 1471 0000 00       		.byte	0
 1472 0001 00       		.byte	0
 1473 0002 40       		.byte	64
 1474 0003 05       		.byte	5
 1475              		.section	.cymeta,"a",%progbits
 1476              		.align	2
 1477              		.type	cy_metadata, %object
 1478              		.size	cy_metadata, 12
 1479              	cy_metadata:
 1480 0000 00       		.byte	0
 1481 0001 01       		.byte	1
 1482 0002 2E       		.byte	46
ARM GAS  C:\Users\Windows\AppData\Local\Temp\cc7ni8EF.s 			page 27


 1483 0003 16       		.byte	22
 1484 0004 10       		.byte	16
 1485 0005 69       		.byte	105
 1486 0006 00       		.byte	0
 1487 0007 01       		.byte	1
 1488 0008 00       		.byte	0
 1489 0009 00       		.byte	0
 1490 000a 00       		.byte	0
 1491 000b 00       		.byte	0
 1492              		.section	.cyflashprotect,"a",%progbits
 1493              		.align	2
 1494              		.type	cy_meta_flashprotect, %object
 1495              		.size	cy_meta_flashprotect, 256
 1496              	cy_meta_flashprotect:
 1497 0000 00000000 		.space	256
 1497      00000000 
 1497      00000000 
 1497      00000000 
 1497      00000000 
 1498              		.text
 1499              	.Letext0:
 1500              		.file 1 "c:\\program files (x86)\\cypress\\psoc creator\\4.4\\psoc creator\\import\\gnu\\arm\\5.4.
 1501              		.file 2 "c:\\program files (x86)\\cypress\\psoc creator\\4.4\\psoc creator\\import\\gnu\\arm\\5.4.
 1502              		.file 3 "Generated_Source\\PSoC5\\cymetadata.c"
 1503              		.section	.debug_info,"",%progbits
 1504              	.Ldebug_info0:
 1505 0000 32010000 		.4byte	0x132
 1506 0004 0400     		.2byte	0x4
 1507 0006 00000000 		.4byte	.Ldebug_abbrev0
 1508 000a 04       		.byte	0x4
 1509 000b 01       		.uleb128 0x1
 1510 000c 24000000 		.4byte	.LASF17
 1511 0010 0C       		.byte	0xc
 1512 0011 A7010000 		.4byte	.LASF18
 1513 0015 7E010000 		.4byte	.LASF19
 1514 0019 00000000 		.4byte	.Ldebug_line0
 1515 001d 02       		.uleb128 0x2
 1516 001e 01       		.byte	0x1
 1517 001f 06       		.byte	0x6
 1518 0020 72010000 		.4byte	.LASF0
 1519 0024 03       		.uleb128 0x3
 1520 0025 00000000 		.4byte	.LASF9
 1521 0029 01       		.byte	0x1
 1522 002a 1D       		.byte	0x1d
 1523 002b 2F000000 		.4byte	0x2f
 1524 002f 02       		.uleb128 0x2
 1525 0030 01       		.byte	0x1
 1526 0031 08       		.byte	0x8
 1527 0032 16000000 		.4byte	.LASF1
 1528 0036 02       		.uleb128 0x2
 1529 0037 02       		.byte	0x2
 1530 0038 05       		.byte	0x5
 1531 0039 5F010000 		.4byte	.LASF2
 1532 003d 02       		.uleb128 0x2
 1533 003e 02       		.byte	0x2
 1534 003f 07       		.byte	0x7
 1535 0040 C4000000 		.4byte	.LASF3
ARM GAS  C:\Users\Windows\AppData\Local\Temp\cc7ni8EF.s 			page 28


 1536 0044 02       		.uleb128 0x2
 1537 0045 04       		.byte	0x4
 1538 0046 05       		.byte	0x5
 1539 0047 69010000 		.4byte	.LASF4
 1540 004b 02       		.uleb128 0x2
 1541 004c 04       		.byte	0x4
 1542 004d 07       		.byte	0x7
 1543 004e B2000000 		.4byte	.LASF5
 1544 0052 02       		.uleb128 0x2
 1545 0053 08       		.byte	0x8
 1546 0054 05       		.byte	0x5
 1547 0055 51010000 		.4byte	.LASF6
 1548 0059 02       		.uleb128 0x2
 1549 005a 08       		.byte	0x8
 1550 005b 07       		.byte	0x7
 1551 005c 06010000 		.4byte	.LASF7
 1552 0060 04       		.uleb128 0x4
 1553 0061 04       		.byte	0x4
 1554 0062 05       		.byte	0x5
 1555 0063 696E7400 		.ascii	"int\000"
 1556 0067 02       		.uleb128 0x2
 1557 0068 04       		.byte	0x4
 1558 0069 07       		.byte	0x7
 1559 006a F9000000 		.4byte	.LASF8
 1560 006e 03       		.uleb128 0x3
 1561 006f 1D010000 		.4byte	.LASF10
 1562 0073 02       		.byte	0x2
 1563 0074 18       		.byte	0x18
 1564 0075 24000000 		.4byte	0x24
 1565 0079 05       		.uleb128 0x5
 1566 007a 91000000 		.4byte	0x91
 1567 007e 8A000000 		.4byte	0x8a
 1568 0082 06       		.uleb128 0x6
 1569 0083 8A000000 		.4byte	0x8a
 1570 0087 9305     		.2byte	0x593
 1571 0089 00       		.byte	0
 1572 008a 02       		.uleb128 0x2
 1573 008b 04       		.byte	0x4
 1574 008c 07       		.byte	0x7
 1575 008d 48010000 		.4byte	.LASF11
 1576 0091 07       		.uleb128 0x7
 1577 0092 6E000000 		.4byte	0x6e
 1578 0096 08       		.uleb128 0x8
 1579 0097 E7000000 		.4byte	.LASF12
 1580 009b 03       		.byte	0x3
 1581 009c 1F       		.byte	0x1f
 1582 009d A7000000 		.4byte	0xa7
 1583 00a1 05       		.uleb128 0x5
 1584 00a2 03       		.byte	0x3
 1585 00a3 00000000 		.4byte	cy_meta_configecc
 1586 00a7 07       		.uleb128 0x7
 1587 00a8 79000000 		.4byte	0x79
 1588 00ac 05       		.uleb128 0x5
 1589 00ad 91000000 		.4byte	0x91
 1590 00b1 BC000000 		.4byte	0xbc
 1591 00b5 09       		.uleb128 0x9
 1592 00b6 8A000000 		.4byte	0x8a
ARM GAS  C:\Users\Windows\AppData\Local\Temp\cc7ni8EF.s 			page 29


 1593 00ba 03       		.byte	0x3
 1594 00bb 00       		.byte	0
 1595 00bc 08       		.uleb128 0x8
 1596 00bd D7000000 		.4byte	.LASF13
 1597 00c1 03       		.byte	0x3
 1598 00c2 DF       		.byte	0xdf
 1599 00c3 CD000000 		.4byte	0xcd
 1600 00c7 05       		.uleb128 0x5
 1601 00c8 03       		.byte	0x3
 1602 00c9 00000000 		.4byte	cy_meta_custnvl
 1603 00cd 07       		.uleb128 0x7
 1604 00ce AC000000 		.4byte	0xac
 1605 00d2 08       		.uleb128 0x8
 1606 00d3 3A010000 		.4byte	.LASF14
 1607 00d7 03       		.byte	0x3
 1608 00d8 ED       		.byte	0xed
 1609 00d9 E3000000 		.4byte	0xe3
 1610 00dd 05       		.uleb128 0x5
 1611 00de 03       		.byte	0x3
 1612 00df 00000000 		.4byte	cy_meta_wonvl
 1613 00e3 07       		.uleb128 0x7
 1614 00e4 AC000000 		.4byte	0xac
 1615 00e8 05       		.uleb128 0x5
 1616 00e9 91000000 		.4byte	0x91
 1617 00ed F8000000 		.4byte	0xf8
 1618 00f1 09       		.uleb128 0x9
 1619 00f2 8A000000 		.4byte	0x8a
 1620 00f6 FF       		.byte	0xff
 1621 00f7 00       		.byte	0
 1622 00f8 08       		.uleb128 0x8
 1623 00f9 25010000 		.4byte	.LASF15
 1624 00fd 03       		.byte	0x3
 1625 00fe FB       		.byte	0xfb
 1626 00ff 09010000 		.4byte	0x109
 1627 0103 05       		.uleb128 0x5
 1628 0104 03       		.byte	0x3
 1629 0105 00000000 		.4byte	cy_meta_flashprotect
 1630 0109 07       		.uleb128 0x7
 1631 010a E8000000 		.4byte	0xe8
 1632 010e 05       		.uleb128 0x5
 1633 010f 91000000 		.4byte	0x91
 1634 0113 1E010000 		.4byte	0x11e
 1635 0117 09       		.uleb128 0x9
 1636 0118 8A000000 		.4byte	0x8a
 1637 011c 0B       		.byte	0xb
 1638 011d 00       		.byte	0
 1639 011e 0A       		.uleb128 0xa
 1640 011f 0A000000 		.4byte	.LASF16
 1641 0123 03       		.byte	0x3
 1642 0124 2801     		.2byte	0x128
 1643 0126 30010000 		.4byte	0x130
 1644 012a 05       		.uleb128 0x5
 1645 012b 03       		.byte	0x3
 1646 012c 00000000 		.4byte	cy_metadata
 1647 0130 07       		.uleb128 0x7
 1648 0131 0E010000 		.4byte	0x10e
 1649 0135 00       		.byte	0
ARM GAS  C:\Users\Windows\AppData\Local\Temp\cc7ni8EF.s 			page 30


 1650              		.section	.debug_abbrev,"",%progbits
 1651              	.Ldebug_abbrev0:
 1652 0000 01       		.uleb128 0x1
 1653 0001 11       		.uleb128 0x11
 1654 0002 01       		.byte	0x1
 1655 0003 25       		.uleb128 0x25
 1656 0004 0E       		.uleb128 0xe
 1657 0005 13       		.uleb128 0x13
 1658 0006 0B       		.uleb128 0xb
 1659 0007 03       		.uleb128 0x3
 1660 0008 0E       		.uleb128 0xe
 1661 0009 1B       		.uleb128 0x1b
 1662 000a 0E       		.uleb128 0xe
 1663 000b 10       		.uleb128 0x10
 1664 000c 17       		.uleb128 0x17
 1665 000d 00       		.byte	0
 1666 000e 00       		.byte	0
 1667 000f 02       		.uleb128 0x2
 1668 0010 24       		.uleb128 0x24
 1669 0011 00       		.byte	0
 1670 0012 0B       		.uleb128 0xb
 1671 0013 0B       		.uleb128 0xb
 1672 0014 3E       		.uleb128 0x3e
 1673 0015 0B       		.uleb128 0xb
 1674 0016 03       		.uleb128 0x3
 1675 0017 0E       		.uleb128 0xe
 1676 0018 00       		.byte	0
 1677 0019 00       		.byte	0
 1678 001a 03       		.uleb128 0x3
 1679 001b 16       		.uleb128 0x16
 1680 001c 00       		.byte	0
 1681 001d 03       		.uleb128 0x3
 1682 001e 0E       		.uleb128 0xe
 1683 001f 3A       		.uleb128 0x3a
 1684 0020 0B       		.uleb128 0xb
 1685 0021 3B       		.uleb128 0x3b
 1686 0022 0B       		.uleb128 0xb
 1687 0023 49       		.uleb128 0x49
 1688 0024 13       		.uleb128 0x13
 1689 0025 00       		.byte	0
 1690 0026 00       		.byte	0
 1691 0027 04       		.uleb128 0x4
 1692 0028 24       		.uleb128 0x24
 1693 0029 00       		.byte	0
 1694 002a 0B       		.uleb128 0xb
 1695 002b 0B       		.uleb128 0xb
 1696 002c 3E       		.uleb128 0x3e
 1697 002d 0B       		.uleb128 0xb
 1698 002e 03       		.uleb128 0x3
 1699 002f 08       		.uleb128 0x8
 1700 0030 00       		.byte	0
 1701 0031 00       		.byte	0
 1702 0032 05       		.uleb128 0x5
 1703 0033 01       		.uleb128 0x1
 1704 0034 01       		.byte	0x1
 1705 0035 49       		.uleb128 0x49
 1706 0036 13       		.uleb128 0x13
ARM GAS  C:\Users\Windows\AppData\Local\Temp\cc7ni8EF.s 			page 31


 1707 0037 01       		.uleb128 0x1
 1708 0038 13       		.uleb128 0x13
 1709 0039 00       		.byte	0
 1710 003a 00       		.byte	0
 1711 003b 06       		.uleb128 0x6
 1712 003c 21       		.uleb128 0x21
 1713 003d 00       		.byte	0
 1714 003e 49       		.uleb128 0x49
 1715 003f 13       		.uleb128 0x13
 1716 0040 2F       		.uleb128 0x2f
 1717 0041 05       		.uleb128 0x5
 1718 0042 00       		.byte	0
 1719 0043 00       		.byte	0
 1720 0044 07       		.uleb128 0x7
 1721 0045 26       		.uleb128 0x26
 1722 0046 00       		.byte	0
 1723 0047 49       		.uleb128 0x49
 1724 0048 13       		.uleb128 0x13
 1725 0049 00       		.byte	0
 1726 004a 00       		.byte	0
 1727 004b 08       		.uleb128 0x8
 1728 004c 34       		.uleb128 0x34
 1729 004d 00       		.byte	0
 1730 004e 03       		.uleb128 0x3
 1731 004f 0E       		.uleb128 0xe
 1732 0050 3A       		.uleb128 0x3a
 1733 0051 0B       		.uleb128 0xb
 1734 0052 3B       		.uleb128 0x3b
 1735 0053 0B       		.uleb128 0xb
 1736 0054 49       		.uleb128 0x49
 1737 0055 13       		.uleb128 0x13
 1738 0056 3F       		.uleb128 0x3f
 1739 0057 19       		.uleb128 0x19
 1740 0058 02       		.uleb128 0x2
 1741 0059 18       		.uleb128 0x18
 1742 005a 00       		.byte	0
 1743 005b 00       		.byte	0
 1744 005c 09       		.uleb128 0x9
 1745 005d 21       		.uleb128 0x21
 1746 005e 00       		.byte	0
 1747 005f 49       		.uleb128 0x49
 1748 0060 13       		.uleb128 0x13
 1749 0061 2F       		.uleb128 0x2f
 1750 0062 0B       		.uleb128 0xb
 1751 0063 00       		.byte	0
 1752 0064 00       		.byte	0
 1753 0065 0A       		.uleb128 0xa
 1754 0066 34       		.uleb128 0x34
 1755 0067 00       		.byte	0
 1756 0068 03       		.uleb128 0x3
 1757 0069 0E       		.uleb128 0xe
 1758 006a 3A       		.uleb128 0x3a
 1759 006b 0B       		.uleb128 0xb
 1760 006c 3B       		.uleb128 0x3b
 1761 006d 05       		.uleb128 0x5
 1762 006e 49       		.uleb128 0x49
 1763 006f 13       		.uleb128 0x13
ARM GAS  C:\Users\Windows\AppData\Local\Temp\cc7ni8EF.s 			page 32


 1764 0070 3F       		.uleb128 0x3f
 1765 0071 19       		.uleb128 0x19
 1766 0072 02       		.uleb128 0x2
 1767 0073 18       		.uleb128 0x18
 1768 0074 00       		.byte	0
 1769 0075 00       		.byte	0
 1770 0076 00       		.byte	0
 1771              		.section	.debug_aranges,"",%progbits
 1772 0000 14000000 		.4byte	0x14
 1773 0004 0200     		.2byte	0x2
 1774 0006 00000000 		.4byte	.Ldebug_info0
 1775 000a 04       		.byte	0x4
 1776 000b 00       		.byte	0
 1777 000c 0000     		.2byte	0
 1778 000e 0000     		.2byte	0
 1779 0010 00000000 		.4byte	0
 1780 0014 00000000 		.4byte	0
 1781              		.section	.debug_line,"",%progbits
 1782              	.Ldebug_line0:
 1783 0000 3D010000 		.section	.debug_str,"MS",%progbits,1
 1783      02003701 
 1783      00000201 
 1783      FB0E0D00 
 1783      01010101 
 1784              	.LASF9:
 1785 0000 5F5F7569 		.ascii	"__uint8_t\000"
 1785      6E74385F 
 1785      7400
 1786              	.LASF16:
 1787 000a 63795F6D 		.ascii	"cy_metadata\000"
 1787      65746164 
 1787      61746100 
 1788              	.LASF1:
 1789 0016 756E7369 		.ascii	"unsigned char\000"
 1789      676E6564 
 1789      20636861 
 1789      7200
 1790              	.LASF17:
 1791 0024 474E5520 		.ascii	"GNU C11 5.4.1 20160609 (release) [ARM/embedded-5-br"
 1791      43313120 
 1791      352E342E 
 1791      31203230 
 1791      31363036 
 1792 0057 616E6368 		.ascii	"anch revision 237715] -mcpu=cortex-m3 -mthumb -g -O"
 1792      20726576 
 1792      6973696F 
 1792      6E203233 
 1792      37373135 
 1793 008a 67202D66 		.ascii	"g -ffunction-sections -ffat-lto-objects\000"
 1793      66756E63 
 1793      74696F6E 
 1793      2D736563 
 1793      74696F6E 
 1794              	.LASF5:
 1795 00b2 6C6F6E67 		.ascii	"long unsigned int\000"
 1795      20756E73 
 1795      69676E65 
ARM GAS  C:\Users\Windows\AppData\Local\Temp\cc7ni8EF.s 			page 33


 1795      6420696E 
 1795      7400
 1796              	.LASF3:
 1797 00c4 73686F72 		.ascii	"short unsigned int\000"
 1797      7420756E 
 1797      7369676E 
 1797      65642069 
 1797      6E7400
 1798              	.LASF13:
 1799 00d7 63795F6D 		.ascii	"cy_meta_custnvl\000"
 1799      6574615F 
 1799      63757374 
 1799      6E766C00 
 1800              	.LASF12:
 1801 00e7 63795F6D 		.ascii	"cy_meta_configecc\000"
 1801      6574615F 
 1801      636F6E66 
 1801      69676563 
 1801      6300
 1802              	.LASF8:
 1803 00f9 756E7369 		.ascii	"unsigned int\000"
 1803      676E6564 
 1803      20696E74 
 1803      00
 1804              	.LASF7:
 1805 0106 6C6F6E67 		.ascii	"long long unsigned int\000"
 1805      206C6F6E 
 1805      6720756E 
 1805      7369676E 
 1805      65642069 
 1806              	.LASF10:
 1807 011d 75696E74 		.ascii	"uint8_t\000"
 1807      385F7400 
 1808              	.LASF15:
 1809 0125 63795F6D 		.ascii	"cy_meta_flashprotect\000"
 1809      6574615F 
 1809      666C6173 
 1809      6870726F 
 1809      74656374 
 1810              	.LASF14:
 1811 013a 63795F6D 		.ascii	"cy_meta_wonvl\000"
 1811      6574615F 
 1811      776F6E76 
 1811      6C00
 1812              	.LASF11:
 1813 0148 73697A65 		.ascii	"sizetype\000"
 1813      74797065 
 1813      00
 1814              	.LASF6:
 1815 0151 6C6F6E67 		.ascii	"long long int\000"
 1815      206C6F6E 
 1815      6720696E 
 1815      7400
 1816              	.LASF2:
 1817 015f 73686F72 		.ascii	"short int\000"
 1817      7420696E 
 1817      7400
ARM GAS  C:\Users\Windows\AppData\Local\Temp\cc7ni8EF.s 			page 34


 1818              	.LASF4:
 1819 0169 6C6F6E67 		.ascii	"long int\000"
 1819      20696E74 
 1819      00
 1820              	.LASF0:
 1821 0172 7369676E 		.ascii	"signed char\000"
 1821      65642063 
 1821      68617200 
 1822              	.LASF19:
 1823 017e 433A5C55 		.ascii	"C:\\Users\\Windows\\Desktop\\Tec-Dig-2.cydsn\000"
 1823      73657273 
 1823      5C57696E 
 1823      646F7773 
 1823      5C446573 
 1824              	.LASF18:
 1825 01a7 47656E65 		.ascii	"Generated_Source\\PSoC5\\cymetadata.c\000"
 1825      72617465 
 1825      645F536F 
 1825      75726365 
 1825      5C50536F 
 1826              		.ident	"GCC: (GNU Tools for ARM Embedded Processors) 5.4.1 20160609 (release) [ARM/embedded-5-bran
